Back-end express server is running at :::5000
Back-end express localhost server is running at http://localhost:5000
Connected
select * from registration where email='shubham@mykss.in'
select * from registration where email='shubham@mykss.in'
update registration set name='aaaasssssaaaaaaaaaaaa', mobno='989898989898' , dob='2023-12-02' , address='this is test asddressaaaaaaaaaaaaaaaaaaaaaaaaaaa' , pic_path='1694783792235admin logo.png' where email='shubham@mykss.in'
select * from registration where email='shubham@mykss.in'
select * from registration where email='shubham@mykss.in'
select * from registration where email='shubham@mykss.in'
select * from registration where email='shubham@mykss.in'
select * from registration where email='shubham@mykss.in'
select * from registration where email='shubham@mykss.in'
select * from registration where email='shubham@mykss.in'
select * from registration where email='shubham@mykss.in'
select * from registration where email='shubham@mykss.in'
select * from registration where email='shubham@mykss.in'
select * from registration where email='shubham@mykss.in'
update registration set name='Shubham Mishra' , mobno='989898989898' , dob='2023-12-02' , address='this is test asddressaaaaaaaaaaaaaaaaaaaaaaaaaaa' where email='shubham@mykss.in'
select * from registration where email='shubham@mykss.in'
select * from registration where email='shubham@mykss.in'
select * from registration where email='shubham@mykss.in'
update registration set name='Shubham Mishra' , mobno='989898989898' , dob='2023-12-02' , address='Sitapur CHitrakoot' where email='shubham@mykss.in'
select * from registration where email='shubham@mykss.in'
update registration set name='Shubham Mishra' , mobno='989898989898' , dob='2023-12-02' , address='Sitapur CHitrakootttttttttt' where email='shubham@mykss.in'
select * from registration where email='shubham@mykss.in'
select * from registration where email='shubham@mykss.in'
select * from registration where email='shubham@mykss.in'
select * from registration where email='shubham@mykss.in'
select * from registration where email='shubham@mykss.in'
select * from registration where email='shubham@mykss.in'
select * from registration where email='shubham@mykss.in'
select * from registration where email='shubham@mykss.in'
select * from registration where email='shubham@mykss.in'
select * from registration where email='shubham@mykss.in'
select * from registration where email='shubham@mykss.in'
select * from registration where email='shubham@mykss.in'
select * from registration where email='shubham@mykss.in'
select * from registration where email='shubham@mykss.in'
select * from registration where email='shubham@mykss.in'
select * from registration where email='shubham@mykss.in'
select * from registration where email='shubham@mykss.in'
